103.04.30 14:06 B C:\Arquivos de programas\Apache Group\Apache\htdocs\vox\classes\relatorio\AbstractFormat.php --> ftp.apoenasoftwarelivre.com.br /vox/classes/relatorio AbstractFormat.php
103.04.30 14:06 B C:\Arquivos de programas\Apache Group\Apache\htdocs\vox\classes\relatorio\courier.php --> ftp.apoenasoftwarelivre.com.br /vox/classes/relatorio courier.php
103.04.30 14:06 B C:\Arquivos de programas\Apache Group\Apache\htdocs\vox\classes\relatorio\fpdf.php --> ftp.apoenasoftwarelivre.com.br /vox/classes/relatorio fpdf.php
103.04.30 14:06 B C:\Arquivos de programas\Apache Group\Apache\htdocs\vox\classes\relatorio\framework_relatorio.inc --> ftp.apoenasoftwarelivre.com.br /vox/classes/relatorio framework_relatorio.inc
103.04.30 14:06 B C:\Arquivos de programas\Apache Group\Apache\htdocs\vox\classes\relatorio\Grafico.php --> ftp.apoenasoftwarelivre.com.br /vox/classes/relatorio Grafico.php
103.04.30 14:06 B C:\Arquivos de programas\Apache Group\Apache\htdocs\vox\classes\relatorio\helvetica.php --> ftp.apoenasoftwarelivre.com.br /vox/classes/relatorio helvetica.php
103.04.30 14:06 B C:\Arquivos de programas\Apache Group\Apache\htdocs\vox\classes\relatorio\helveticab.php --> ftp.apoenasoftwarelivre.com.br /vox/classes/relatorio helveticab.php
103.04.30 14:06 B C:\Arquivos de programas\Apache Group\Apache\htdocs\vox\classes\relatorio\helveticabi.php --> ftp.apoenasoftwarelivre.com.br /vox/classes/relatorio helveticabi.php
103.04.30 14:06 B C:\Arquivos de programas\Apache Group\Apache\htdocs\vox\classes\relatorio\helveticai.php --> ftp.apoenasoftwarelivre.com.br /vox/classes/relatorio helveticai.php
103.04.30 14:06 B C:\Arquivos de programas\Apache Group\Apache\htdocs\vox\classes\relatorio\PDF.php --> ftp.apoenasoftwarelivre.com.br /vox/classes/relatorio PDF.php
103.04.30 14:06 B C:\Arquivos de programas\Apache Group\Apache\htdocs\vox\classes\relatorio\relatorio.txt --> ftp.apoenasoftwarelivre.com.br /vox/classes/relatorio relatorio.txt
103.04.30 14:06 B C:\Arquivos de programas\Apache Group\Apache\htdocs\vox\classes\relatorio\relatorio.txt~ --> ftp.apoenasoftwarelivre.com.br /vox/classes/relatorio relatorio.txt~
103.04.30 14:06 B C:\Arquivos de programas\Apache Group\Apache\htdocs\vox\classes\relatorio\RelatorioConst.php --> ftp.apoenasoftwarelivre.com.br /vox/classes/relatorio RelatorioConst.php
103.04.30 14:06 B C:\Arquivos de programas\Apache Group\Apache\htdocs\vox\classes\relatorio\RelatorioHTML.php --> ftp.apoenasoftwarelivre.com.br /vox/classes/relatorio RelatorioHTML.php
103.04.30 14:06 B C:\Arquivos de programas\Apache Group\Apache\htdocs\vox\classes\relatorio\RelatorioPDF.php --> ftp.apoenasoftwarelivre.com.br /vox/classes/relatorio RelatorioPDF.php
103.04.30 14:06 B C:\Arquivos de programas\Apache Group\Apache\htdocs\vox\classes\relatorio\RelatorioPS.php --> ftp.apoenasoftwarelivre.com.br /vox/classes/relatorio RelatorioPS.php
103.04.30 14:06 B C:\Arquivos de programas\Apache Group\Apache\htdocs\vox\classes\relatorio\symbol.php --> ftp.apoenasoftwarelivre.com.br /vox/classes/relatorio symbol.php
103.04.30 14:06 B C:\Arquivos de programas\Apache Group\Apache\htdocs\vox\classes\relatorio\times.php --> ftp.apoenasoftwarelivre.com.br /vox/classes/relatorio times.php
103.04.30 14:06 B C:\Arquivos de programas\Apache Group\Apache\htdocs\vox\classes\relatorio\timesb.php --> ftp.apoenasoftwarelivre.com.br /vox/classes/relatorio timesb.php
103.04.30 14:06 B C:\Arquivos de programas\Apache Group\Apache\htdocs\vox\classes\relatorio\timesbi.php --> ftp.apoenasoftwarelivre.com.br /vox/classes/relatorio timesbi.php
103.04.30 14:06 B C:\Arquivos de programas\Apache Group\Apache\htdocs\vox\classes\relatorio\timesi.php --> ftp.apoenasoftwarelivre.com.br /vox/classes/relatorio timesi.php
103.04.30 14:06 B C:\Arquivos de programas\Apache Group\Apache\htdocs\vox\classes\relatorio\zapfdingbats.php --> ftp.apoenasoftwarelivre.com.br /vox/classes/relatorio zapfdingbats.php
103.05.14 11:07 B C:\Arquivos de programas\Apache Group\Apache\htdocs\vox\classes\relatorio\AbstractFormat.php --> ftp.apoenasoftwarelivre.com.br /vox/classes/relatorio AbstractFormat.php
103.05.14 11:07 B C:\Arquivos de programas\Apache Group\Apache\htdocs\vox\classes\relatorio\courier.php --> ftp.apoenasoftwarelivre.com.br /vox/classes/relatorio courier.php
103.05.14 11:07 B C:\Arquivos de programas\Apache Group\Apache\htdocs\vox\classes\relatorio\fpdf.php --> ftp.apoenasoftwarelivre.com.br /vox/classes/relatorio fpdf.php
103.05.14 11:07 B C:\Arquivos de programas\Apache Group\Apache\htdocs\vox\classes\relatorio\framework_relatorio.inc --> ftp.apoenasoftwarelivre.com.br /vox/classes/relatorio framework_relatorio.inc
103.05.14 11:07 B C:\Arquivos de programas\Apache Group\Apache\htdocs\vox\classes\relatorio\Grafico.php --> ftp.apoenasoftwarelivre.com.br /vox/classes/relatorio Grafico.php
103.05.14 11:07 B C:\Arquivos de programas\Apache Group\Apache\htdocs\vox\classes\relatorio\helvetica.php --> ftp.apoenasoftwarelivre.com.br /vox/classes/relatorio helvetica.php
103.05.14 11:07 B C:\Arquivos de programas\Apache Group\Apache\htdocs\vox\classes\relatorio\helveticab.php --> ftp.apoenasoftwarelivre.com.br /vox/classes/relatorio helveticab.php
103.05.14 11:07 B C:\Arquivos de programas\Apache Group\Apache\htdocs\vox\classes\relatorio\helveticabi.php --> ftp.apoenasoftwarelivre.com.br /vox/classes/relatorio helveticabi.php
103.05.14 11:07 B C:\Arquivos de programas\Apache Group\Apache\htdocs\vox\classes\relatorio\helveticai.php --> ftp.apoenasoftwarelivre.com.br /vox/classes/relatorio helveticai.php
103.05.14 11:07 B C:\Arquivos de programas\Apache Group\Apache\htdocs\vox\classes\relatorio\PDF.php --> ftp.apoenasoftwarelivre.com.br /vox/classes/relatorio PDF.php
103.05.14 11:07 B C:\Arquivos de programas\Apache Group\Apache\htdocs\vox\classes\relatorio\relatorio.txt --> ftp.apoenasoftwarelivre.com.br /vox/classes/relatorio relatorio.txt
103.05.14 11:07 B C:\Arquivos de programas\Apache Group\Apache\htdocs\vox\classes\relatorio\relatorio.txt~ --> ftp.apoenasoftwarelivre.com.br /vox/classes/relatorio relatorio.txt~
103.05.14 11:07 B C:\Arquivos de programas\Apache Group\Apache\htdocs\vox\classes\relatorio\RelatorioConst.php --> ftp.apoenasoftwarelivre.com.br /vox/classes/relatorio RelatorioConst.php
103.05.14 11:07 B C:\Arquivos de programas\Apache Group\Apache\htdocs\vox\classes\relatorio\RelatorioHTML.php --> ftp.apoenasoftwarelivre.com.br /vox/classes/relatorio RelatorioHTML.php
103.05.14 11:07 B C:\Arquivos de programas\Apache Group\Apache\htdocs\vox\classes\relatorio\RelatorioPDF.php --> ftp.apoenasoftwarelivre.com.br /vox/classes/relatorio RelatorioPDF.php
103.05.14 11:07 B C:\Arquivos de programas\Apache Group\Apache\htdocs\vox\classes\relatorio\RelatorioPS.php --> ftp.apoenasoftwarelivre.com.br /vox/classes/relatorio RelatorioPS.php
103.05.14 11:07 B C:\Arquivos de programas\Apache Group\Apache\htdocs\vox\classes\relatorio\symbol.php --> ftp.apoenasoftwarelivre.com.br /vox/classes/relatorio symbol.php
103.05.14 11:07 B C:\Arquivos de programas\Apache Group\Apache\htdocs\vox\classes\relatorio\times.php --> ftp.apoenasoftwarelivre.com.br /vox/classes/relatorio times.php
103.05.14 11:07 B C:\Arquivos de programas\Apache Group\Apache\htdocs\vox\classes\relatorio\timesb.php --> ftp.apoenasoftwarelivre.com.br /vox/classes/relatorio timesb.php
103.05.14 11:07 B C:\Arquivos de programas\Apache Group\Apache\htdocs\vox\classes\relatorio\timesbi.php --> ftp.apoenasoftwarelivre.com.br /vox/classes/relatorio timesbi.php
103.05.14 11:07 B C:\Arquivos de programas\Apache Group\Apache\htdocs\vox\classes\relatorio\timesi.php --> ftp.apoenasoftwarelivre.com.br /vox/classes/relatorio timesi.php
103.05.14 11:07 B C:\Arquivos de programas\Apache Group\Apache\htdocs\vox\classes\relatorio\zapfdingbats.php --> ftp.apoenasoftwarelivre.com.br /vox/classes/relatorio zapfdingbats.php
103.05.26 22:07 B C:\Arquivos de programas\Apache Group\Apache\htdocs\contabil\classes\relatorio\AbstractFormat.php --> ftp.apoenasoftwarelivre.com.br /contabil/classes/relatorio AbstractFormat.php
103.05.26 22:07 B C:\Arquivos de programas\Apache Group\Apache\htdocs\contabil\classes\relatorio\courier.php --> ftp.apoenasoftwarelivre.com.br /contabil/classes/relatorio courier.php
103.05.26 22:07 B C:\Arquivos de programas\Apache Group\Apache\htdocs\contabil\classes\relatorio\fpdf.php --> ftp.apoenasoftwarelivre.com.br /contabil/classes/relatorio fpdf.php
103.05.26 22:07 B C:\Arquivos de programas\Apache Group\Apache\htdocs\contabil\classes\relatorio\framework_relatorio.inc --> ftp.apoenasoftwarelivre.com.br /contabil/classes/relatorio framework_relatorio.inc
103.05.26 22:07 B C:\Arquivos de programas\Apache Group\Apache\htdocs\contabil\classes\relatorio\Grafico.php --> ftp.apoenasoftwarelivre.com.br /contabil/classes/relatorio Grafico.php
103.05.26 22:07 B C:\Arquivos de programas\Apache Group\Apache\htdocs\contabil\classes\relatorio\helvetica.php --> ftp.apoenasoftwarelivre.com.br /contabil/classes/relatorio helvetica.php
103.05.26 22:07 B C:\Arquivos de programas\Apache Group\Apache\htdocs\contabil\classes\relatorio\helveticab.php --> ftp.apoenasoftwarelivre.com.br /contabil/classes/relatorio helveticab.php
103.05.26 22:07 B C:\Arquivos de programas\Apache Group\Apache\htdocs\contabil\classes\relatorio\helveticabi.php --> ftp.apoenasoftwarelivre.com.br /contabil/classes/relatorio helveticabi.php
103.05.26 22:07 B C:\Arquivos de programas\Apache Group\Apache\htdocs\contabil\classes\relatorio\helveticai.php --> ftp.apoenasoftwarelivre.com.br /contabil/classes/relatorio helveticai.php
103.05.26 22:07 B C:\Arquivos de programas\Apache Group\Apache\htdocs\contabil\classes\relatorio\PDF.php --> ftp.apoenasoftwarelivre.com.br /contabil/classes/relatorio PDF.php
103.05.26 22:07 B C:\Arquivos de programas\Apache Group\Apache\htdocs\contabil\classes\relatorio\relatorio.txt --> ftp.apoenasoftwarelivre.com.br /contabil/classes/relatorio relatorio.txt
103.05.26 22:07 B C:\Arquivos de programas\Apache Group\Apache\htdocs\contabil\classes\relatorio\relatorio.txt~ --> ftp.apoenasoftwarelivre.com.br /contabil/classes/relatorio relatorio.txt~
103.05.26 22:07 B C:\Arquivos de programas\Apache Group\Apache\htdocs\contabil\classes\relatorio\RelatorioConst.php --> ftp.apoenasoftwarelivre.com.br /contabil/classes/relatorio RelatorioConst.php
103.05.26 22:07 B C:\Arquivos de programas\Apache Group\Apache\htdocs\contabil\classes\relatorio\RelatorioHTML.php --> ftp.apoenasoftwarelivre.com.br /contabil/classes/relatorio RelatorioHTML.php
103.05.26 22:07 B C:\Arquivos de programas\Apache Group\Apache\htdocs\contabil\classes\relatorio\RelatorioPDF.php --> ftp.apoenasoftwarelivre.com.br /contabil/classes/relatorio RelatorioPDF.php
103.05.26 22:07 B C:\Arquivos de programas\Apache Group\Apache\htdocs\contabil\classes\relatorio\RelatorioPS.php --> ftp.apoenasoftwarelivre.com.br /contabil/classes/relatorio RelatorioPS.php
103.05.26 22:07 B C:\Arquivos de programas\Apache Group\Apache\htdocs\contabil\classes\relatorio\symbol.php --> ftp.apoenasoftwarelivre.com.br /contabil/classes/relatorio symbol.php
103.05.26 22:07 B C:\Arquivos de programas\Apache Group\Apache\htdocs\contabil\classes\relatorio\times.php --> ftp.apoenasoftwarelivre.com.br /contabil/classes/relatorio times.php
103.05.26 22:07 B C:\Arquivos de programas\Apache Group\Apache\htdocs\contabil\classes\relatorio\timesb.php --> ftp.apoenasoftwarelivre.com.br /contabil/classes/relatorio timesb.php
103.05.26 22:07 B C:\Arquivos de programas\Apache Group\Apache\htdocs\contabil\classes\relatorio\timesbi.php --> ftp.apoenasoftwarelivre.com.br /contabil/classes/relatorio timesbi.php
103.05.26 22:07 B C:\Arquivos de programas\Apache Group\Apache\htdocs\contabil\classes\relatorio\timesi.php --> ftp.apoenasoftwarelivre.com.br /contabil/classes/relatorio timesi.php
103.05.26 22:07 B C:\Arquivos de programas\Apache Group\Apache\htdocs\contabil\classes\relatorio\zapfdingbats.php --> ftp.apoenasoftwarelivre.com.br /contabil/classes/relatorio zapfdingbats.php
103.07.15 15:22 B C:\Arquivos de programas\Apache Group\Apache\htdocs\contabil\classes\relatorio\AbstractFormat.php --> ftp.apoenasoftwarelivre.com.br /contabil/classes/relatorio AbstractFormat.php
103.07.15 15:22 B C:\Arquivos de programas\Apache Group\Apache\htdocs\contabil\classes\relatorio\courier.php --> ftp.apoenasoftwarelivre.com.br /contabil/classes/relatorio courier.php
103.07.15 15:22 B C:\Arquivos de programas\Apache Group\Apache\htdocs\contabil\classes\relatorio\fpdf.php --> ftp.apoenasoftwarelivre.com.br /contabil/classes/relatorio fpdf.php
103.07.15 15:22 B C:\Arquivos de programas\Apache Group\Apache\htdocs\contabil\classes\relatorio\Grafico.php --> ftp.apoenasoftwarelivre.com.br /contabil/classes/relatorio Grafico.php
103.07.15 15:22 B C:\Arquivos de programas\Apache Group\Apache\htdocs\contabil\classes\relatorio\helvetica.php --> ftp.apoenasoftwarelivre.com.br /contabil/classes/relatorio helvetica.php
103.07.15 15:22 B C:\Arquivos de programas\Apache Group\Apache\htdocs\contabil\classes\relatorio\helveticab.php --> ftp.apoenasoftwarelivre.com.br /contabil/classes/relatorio helveticab.php
103.07.15 15:22 B C:\Arquivos de programas\Apache Group\Apache\htdocs\contabil\classes\relatorio\helveticabi.php --> ftp.apoenasoftwarelivre.com.br /contabil/classes/relatorio helveticabi.php
103.07.15 15:22 B C:\Arquivos de programas\Apache Group\Apache\htdocs\contabil\classes\relatorio\helveticai.php --> ftp.apoenasoftwarelivre.com.br /contabil/classes/relatorio helveticai.php
103.07.15 15:22 B C:\Arquivos de programas\Apache Group\Apache\htdocs\contabil\classes\relatorio\PDF.php --> ftp.apoenasoftwarelivre.com.br /contabil/classes/relatorio PDF.php
103.07.15 15:22 B C:\Arquivos de programas\Apache Group\Apache\htdocs\contabil\classes\relatorio\relatorio.txt --> ftp.apoenasoftwarelivre.com.br /contabil/classes/relatorio relatorio.txt
103.07.15 15:22 B C:\Arquivos de programas\Apache Group\Apache\htdocs\contabil\classes\relatorio\RelatorioConst.php --> ftp.apoenasoftwarelivre.com.br /contabil/classes/relatorio RelatorioConst.php
103.07.15 15:22 B C:\Arquivos de programas\Apache Group\Apache\htdocs\contabil\classes\relatorio\RelatorioHTML.php --> ftp.apoenasoftwarelivre.com.br /contabil/classes/relatorio RelatorioHTML.php
103.07.15 15:22 B C:\Arquivos de programas\Apache Group\Apache\htdocs\contabil\classes\relatorio\RelatorioPDF.php --> ftp.apoenasoftwarelivre.com.br /contabil/classes/relatorio RelatorioPDF.php
103.07.15 15:22 B C:\Arquivos de programas\Apache Group\Apache\htdocs\contabil\classes\relatorio\RelatorioPS.php --> ftp.apoenasoftwarelivre.com.br /contabil/classes/relatorio RelatorioPS.php
103.07.15 15:22 B C:\Arquivos de programas\Apache Group\Apache\htdocs\contabil\classes\relatorio\symbol.php --> ftp.apoenasoftwarelivre.com.br /contabil/classes/relatorio symbol.php
103.07.15 15:22 B C:\Arquivos de programas\Apache Group\Apache\htdocs\contabil\classes\relatorio\times.php --> ftp.apoenasoftwarelivre.com.br /contabil/classes/relatorio times.php
103.07.15 15:22 B C:\Arquivos de programas\Apache Group\Apache\htdocs\contabil\classes\relatorio\timesb.php --> ftp.apoenasoftwarelivre.com.br /contabil/classes/relatorio timesb.php
103.07.15 15:22 B C:\Arquivos de programas\Apache Group\Apache\htdocs\contabil\classes\relatorio\timesbi.php --> ftp.apoenasoftwarelivre.com.br /contabil/classes/relatorio timesbi.php
103.07.15 15:22 B C:\Arquivos de programas\Apache Group\Apache\htdocs\contabil\classes\relatorio\timesi.php --> ftp.apoenasoftwarelivre.com.br /contabil/classes/relatorio timesi.php
103.07.15 15:22 B C:\Arquivos de programas\Apache Group\Apache\htdocs\contabil\classes\relatorio\zapfdingbats.php --> ftp.apoenasoftwarelivre.com.br /contabil/classes/relatorio zapfdingbats.php
103.07.29 15:00 B C:\Arquivos de programas\Apache Group\Apache\htdocs\contabil\classes\relatorio\AbstractFormat.php --> ftp.apoenasoftwarelivre.com.br /contabil/classes/relatorio AbstractFormat.php
103.07.29 15:00 B C:\Arquivos de programas\Apache Group\Apache\htdocs\contabil\classes\relatorio\courier.php --> ftp.apoenasoftwarelivre.com.br /contabil/classes/relatorio courier.php
103.07.29 15:00 B C:\Arquivos de programas\Apache Group\Apache\htdocs\contabil\classes\relatorio\fpdf.php --> ftp.apoenasoftwarelivre.com.br /contabil/classes/relatorio fpdf.php
103.07.29 15:00 B C:\Arquivos de programas\Apache Group\Apache\htdocs\contabil\classes\relatorio\Grafico.php --> ftp.apoenasoftwarelivre.com.br /contabil/classes/relatorio Grafico.php
103.07.29 15:00 B C:\Arquivos de programas\Apache Group\Apache\htdocs\contabil\classes\relatorio\helvetica.php --> ftp.apoenasoftwarelivre.com.br /contabil/classes/relatorio helvetica.php
103.07.29 15:00 B C:\Arquivos de programas\Apache Group\Apache\htdocs\contabil\classes\relatorio\helveticab.php --> ftp.apoenasoftwarelivre.com.br /contabil/classes/relatorio helveticab.php
103.07.29 15:00 B C:\Arquivos de programas\Apache Group\Apache\htdocs\contabil\classes\relatorio\helveticabi.php --> ftp.apoenasoftwarelivre.com.br /contabil/classes/relatorio helveticabi.php
103.07.29 15:00 B C:\Arquivos de programas\Apache Group\Apache\htdocs\contabil\classes\relatorio\helveticai.php --> ftp.apoenasoftwarelivre.com.br /contabil/classes/relatorio helveticai.php
103.07.29 15:00 B C:\Arquivos de programas\Apache Group\Apache\htdocs\contabil\classes\relatorio\PDF.php --> ftp.apoenasoftwarelivre.com.br /contabil/classes/relatorio PDF.php
103.07.29 15:00 B C:\Arquivos de programas\Apache Group\Apache\htdocs\contabil\classes\relatorio\relatorio.txt --> ftp.apoenasoftwarelivre.com.br /contabil/classes/relatorio relatorio.txt
103.07.29 15:01 B C:\Arquivos de programas\Apache Group\Apache\htdocs\contabil\classes\relatorio\RelatorioConst.php --> ftp.apoenasoftwarelivre.com.br /contabil/classes/relatorio RelatorioConst.php
103.07.29 15:01 B C:\Arquivos de programas\Apache Group\Apache\htdocs\contabil\classes\relatorio\RelatorioHTML.php --> ftp.apoenasoftwarelivre.com.br /contabil/classes/relatorio RelatorioHTML.php
103.07.29 15:01 B C:\Arquivos de programas\Apache Group\Apache\htdocs\contabil\classes\relatorio\RelatorioPDF.php --> ftp.apoenasoftwarelivre.com.br /contabil/classes/relatorio RelatorioPDF.php
103.07.29 15:01 B C:\Arquivos de programas\Apache Group\Apache\htdocs\contabil\classes\relatorio\RelatorioPS.php --> ftp.apoenasoftwarelivre.com.br /contabil/classes/relatorio RelatorioPS.php
103.07.29 15:01 B C:\Arquivos de programas\Apache Group\Apache\htdocs\contabil\classes\relatorio\symbol.php --> ftp.apoenasoftwarelivre.com.br /contabil/classes/relatorio symbol.php
103.07.29 15:01 B C:\Arquivos de programas\Apache Group\Apache\htdocs\contabil\classes\relatorio\times.php --> ftp.apoenasoftwarelivre.com.br /contabil/classes/relatorio times.php
103.07.29 15:01 B C:\Arquivos de programas\Apache Group\Apache\htdocs\contabil\classes\relatorio\timesb.php --> ftp.apoenasoftwarelivre.com.br /contabil/classes/relatorio timesb.php
103.07.29 15:01 B C:\Arquivos de programas\Apache Group\Apache\htdocs\contabil\classes\relatorio\timesbi.php --> ftp.apoenasoftwarelivre.com.br /contabil/classes/relatorio timesbi.php
103.07.29 15:01 B C:\Arquivos de programas\Apache Group\Apache\htdocs\contabil\classes\relatorio\timesi.php --> ftp.apoenasoftwarelivre.com.br /contabil/classes/relatorio timesi.php
103.07.29 15:01 B C:\Arquivos de programas\Apache Group\Apache\htdocs\contabil\classes\relatorio\zapfdingbats.php --> ftp.apoenasoftwarelivre.com.br /contabil/classes/relatorio zapfdingbats.php
