106.02.26 21:35 B F:\fielcontabil\imagens\apache.gif --> sistemafielcontabil.com.br /public_html/demo/imagens apache.gif
106.02.26 21:35 B F:\fielcontabil\imagens\apagar.gif --> sistemafielcontabil.com.br /public_html/demo/imagens apagar.gif
106.02.26 21:35 B F:\fielcontabil\imagens\apoena.jpg --> sistemafielcontabil.com.br /public_html/demo/imagens apoena.jpg
106.02.26 21:35 B F:\fielcontabil\imagens\apoena_pequeno.gif --> sistemafielcontabil.com.br /public_html/demo/imagens apoena_pequeno.gif
106.02.26 21:35 B F:\fielcontabil\imagens\bancariospoa.jpg --> sistemafielcontabil.com.br /public_html/demo/imagens bancariospoa.jpg
106.02.26 21:35 B F:\fielcontabil\imagens\cl_linux.gif --> sistemafielcontabil.com.br /public_html/demo/imagens cl_linux.gif
106.02.26 21:35 B F:\fielcontabil\imagens\contabil.jpg --> sistemafielcontabil.com.br /public_html/demo/imagens contabil.jpg
106.02.26 21:35 B F:\fielcontabil\imagens\cw_janela.gif --> sistemafielcontabil.com.br /public_html/demo/imagens cw_janela.gif
106.02.26 21:35 B F:\fielcontabil\imagens\editar.gif --> sistemafielcontabil.com.br /public_html/demo/imagens editar.gif
106.02.26 21:35 B F:\fielcontabil\imagens\empresa.jpg --> sistemafielcontabil.com.br /public_html/demo/imagens empresa.jpg
106.02.26 21:35 B F:\fielcontabil\imagens\fiel_contabil_pequeno.jpg --> sistemafielcontabil.com.br /public_html/demo/imagens fiel_contabil_pequeno.jpg
106.02.26 21:35 B F:\fielcontabil\imagens\fiel_corrente.jpg --> sistemafielcontabil.com.br /public_html/demo/imagens fiel_corrente.jpg
106.02.26 21:35 B F:\fielcontabil\imagens\fpdf.gif --> sistemafielcontabil.com.br /public_html/demo/imagens fpdf.gif
106.02.26 21:35 B F:\fielcontabil\imagens\imagem.gif --> sistemafielcontabil.com.br /public_html/demo/imagens imagem.gif
106.02.26 21:35 B F:\fielcontabil\imagens\index.html --> sistemafielcontabil.com.br /public_html/demo/imagens index.html
106.02.26 21:35 B F:\fielcontabil\imagens\logo.gif --> sistemafielcontabil.com.br /public_html/demo/imagens logo.gif
106.02.26 21:35 B F:\fielcontabil\imagens\logo_bancarios.jpg --> sistemafielcontabil.com.br /public_html/demo/imagens logo_bancarios.jpg
106.02.26 21:35 B F:\fielcontabil\imagens\LOGO_FIEL_CONTABIL.gif --> sistemafielcontabil.com.br /public_html/demo/imagens LOGO_FIEL_CONTABIL.gif
106.02.26 21:35 B F:\fielcontabil\imagens\logotipo.jpg --> sistemafielcontabil.com.br /public_html/demo/imagens logotipo.jpg
106.02.26 21:35 B F:\fielcontabil\imagens\parede.jpg --> sistemafielcontabil.com.br /public_html/demo/imagens parede.jpg
106.02.26 21:35 B F:\fielcontabil\imagens\pgsql.jpg --> sistemafielcontabil.com.br /public_html/demo/imagens pgsql.jpg
106.02.26 21:35 B F:\fielcontabil\imagens\php.gif --> sistemafielcontabil.com.br /public_html/demo/imagens php.gif
