103.04.30 14:05 B C:\Arquivos de programas\Apache Group\Apache\htdocs\vox\classes\componente\calendario.css --> ftp.apoenasoftwarelivre.com.br /vox/classes/componente calendario.css
103.04.30 14:05 B C:\Arquivos de programas\Apache Group\Apache\htdocs\vox\classes\componente\Calendario.php --> ftp.apoenasoftwarelivre.com.br /vox/classes/componente Calendario.php
103.04.30 14:05 B C:\Arquivos de programas\Apache Group\Apache\htdocs\vox\classes\componente\componentes.inc --> ftp.apoenasoftwarelivre.com.br /vox/classes/componente componentes.inc
103.04.30 14:05 B C:\Arquivos de programas\Apache Group\Apache\htdocs\vox\classes\componente\Data.php --> ftp.apoenasoftwarelivre.com.br /vox/classes/componente Data.php
103.04.30 14:05 B C:\Arquivos de programas\Apache Group\Apache\htdocs\vox\classes\componente\exibeCalendario.php --> ftp.apoenasoftwarelivre.com.br /vox/classes/componente exibeCalendario.php
103.05.14 11:05 B C:\Arquivos de programas\Apache Group\Apache\htdocs\vox\classes\componente\calendario.css --> ftp.apoenasoftwarelivre.com.br /vox/classes/componente calendario.css
103.05.14 11:05 B C:\Arquivos de programas\Apache Group\Apache\htdocs\vox\classes\componente\Calendario.php --> ftp.apoenasoftwarelivre.com.br /vox/classes/componente Calendario.php
103.05.14 11:05 B C:\Arquivos de programas\Apache Group\Apache\htdocs\vox\classes\componente\componentes.inc --> ftp.apoenasoftwarelivre.com.br /vox/classes/componente componentes.inc
103.05.14 11:05 B C:\Arquivos de programas\Apache Group\Apache\htdocs\vox\classes\componente\Data.php --> ftp.apoenasoftwarelivre.com.br /vox/classes/componente Data.php
103.05.14 11:05 B C:\Arquivos de programas\Apache Group\Apache\htdocs\vox\classes\componente\exibeCalendario.php --> ftp.apoenasoftwarelivre.com.br /vox/classes/componente exibeCalendario.php
103.05.26 22:06 B C:\Arquivos de programas\Apache Group\Apache\htdocs\contabil\classes\componente\calendario.css --> ftp.apoenasoftwarelivre.com.br /contabil/classes/componente calendario.css
103.05.26 22:06 B C:\Arquivos de programas\Apache Group\Apache\htdocs\contabil\classes\componente\Calendario.php --> ftp.apoenasoftwarelivre.com.br /contabil/classes/componente Calendario.php
103.05.26 22:06 B C:\Arquivos de programas\Apache Group\Apache\htdocs\contabil\classes\componente\componentes.inc --> ftp.apoenasoftwarelivre.com.br /contabil/classes/componente componentes.inc
103.05.26 22:06 B C:\Arquivos de programas\Apache Group\Apache\htdocs\contabil\classes\componente\Data.php --> ftp.apoenasoftwarelivre.com.br /contabil/classes/componente Data.php
103.05.26 22:06 B C:\Arquivos de programas\Apache Group\Apache\htdocs\contabil\classes\componente\exibeCalendario.php --> ftp.apoenasoftwarelivre.com.br /contabil/classes/componente exibeCalendario.php
103.07.15 15:20 B C:\Arquivos de programas\Apache Group\Apache\htdocs\contabil\classes\componente\calendario.css --> ftp.apoenasoftwarelivre.com.br /contabil/classes/componente calendario.css
103.07.15 15:20 B C:\Arquivos de programas\Apache Group\Apache\htdocs\contabil\classes\componente\Calendario.php --> ftp.apoenasoftwarelivre.com.br /contabil/classes/componente Calendario.php
103.07.15 15:20 B C:\Arquivos de programas\Apache Group\Apache\htdocs\contabil\classes\componente\componentes.inc --> ftp.apoenasoftwarelivre.com.br /contabil/classes/componente componentes.inc
103.07.15 15:20 B C:\Arquivos de programas\Apache Group\Apache\htdocs\contabil\classes\componente\Data.php --> ftp.apoenasoftwarelivre.com.br /contabil/classes/componente Data.php
103.07.15 15:20 B C:\Arquivos de programas\Apache Group\Apache\htdocs\contabil\classes\componente\exibeCalendario.php --> ftp.apoenasoftwarelivre.com.br /contabil/classes/componente exibeCalendario.php
103.07.15 15:20 B C:\Arquivos de programas\Apache Group\Apache\htdocs\contabil\classes\componente\Numero.php --> ftp.apoenasoftwarelivre.com.br /contabil/classes/componente Numero.php
103.07.29 14:57 B C:\Arquivos de programas\Apache Group\Apache\htdocs\contabil\classes\componente\calendario.css --> ftp.apoenasoftwarelivre.com.br /contabil/classes/componente calendario.css
103.07.29 14:57 B C:\Arquivos de programas\Apache Group\Apache\htdocs\contabil\classes\componente\Calendario.php --> ftp.apoenasoftwarelivre.com.br /contabil/classes/componente Calendario.php
103.07.29 14:57 B C:\Arquivos de programas\Apache Group\Apache\htdocs\contabil\classes\componente\componentes.inc --> ftp.apoenasoftwarelivre.com.br /contabil/classes/componente componentes.inc
103.07.29 14:57 B C:\Arquivos de programas\Apache Group\Apache\htdocs\contabil\classes\componente\Data.php --> ftp.apoenasoftwarelivre.com.br /contabil/classes/componente Data.php
103.07.29 14:57 B C:\Arquivos de programas\Apache Group\Apache\htdocs\contabil\classes\componente\exibeCalendario.php --> ftp.apoenasoftwarelivre.com.br /contabil/classes/componente exibeCalendario.php
103.07.29 14:57 B C:\Arquivos de programas\Apache Group\Apache\htdocs\contabil\classes\componente\Numero.php --> ftp.apoenasoftwarelivre.com.br /contabil/classes/componente Numero.php
