106.02.26 21:08 B F:\fielcontabil\.project --> sistemafielcontabil.com.br /public_html/demo .project
106.02.26 21:08 B F:\fielcontabil\atualiza --> sistemafielcontabil.com.br /public_html/demo atualiza
106.02.26 21:08 B F:\fielcontabil\ChangeLog --> sistemafielcontabil.com.br /public_html/demo ChangeLog
106.02.26 21:08 B F:\fielcontabil\config.php --> sistemafielcontabil.com.br /public_html/demo config.php
106.02.26 21:08 B F:\fielcontabil\config.tmp --> sistemafielcontabil.com.br /public_html/demo config.tmp
106.02.26 21:08 B F:\fielcontabil\cria_backup --> sistemafielcontabil.com.br /public_html/demo cria_backup
106.02.26 21:08 B F:\fielcontabil\cw_admin.php --> sistemafielcontabil.com.br /public_html/demo cw_admin.php
106.02.26 21:08 B F:\fielcontabil\cw_ajuda.html --> sistemafielcontabil.com.br /public_html/demo cw_ajuda.html
106.02.26 21:08 B F:\fielcontabil\cwAltSenha.php --> sistemafielcontabil.com.br /public_html/demo cwAltSenha.php
106.02.26 21:08 B F:\fielcontabil\cwCabec.php --> sistemafielcontabil.com.br /public_html/demo cwCabec.php
106.02.26 21:08 B F:\fielcontabil\cwLogin.php --> sistemafielcontabil.com.br /public_html/demo cwLogin.php
106.02.26 21:08 B F:\fielcontabil\cwLogout.php --> sistemafielcontabil.com.br /public_html/demo cwLogout.php
106.02.26 21:08 B F:\fielcontabil\cwMenu.php --> sistemafielcontabil.com.br /public_html/demo cwMenu.php
106.02.26 21:08 B F:\fielcontabil\cwModuloNaoImp.php --> sistemafielcontabil.com.br /public_html/demo cwModuloNaoImp.php
106.02.26 21:08 B F:\fielcontabil\cwRelatPers.php --> sistemafielcontabil.com.br /public_html/demo cwRelatPers.php
106.02.26 21:08 B F:\fielcontabil\exibeErro.php --> sistemafielcontabil.com.br /public_html/demo exibeErro.php
106.02.26 21:08 B F:\fielcontabil\fielcontabil.jpg --> sistemafielcontabil.com.br /public_html/demo fielcontabil.jpg
106.02.26 21:08 B F:\fielcontabil\gera --> sistemafielcontabil.com.br /public_html/demo gera
106.02.26 21:08 B F:\fielcontabil\index.html --> sistemafielcontabil.com.br /public_html/demo index.html
106.02.26 21:08 B F:\fielcontabil\index.php --> sistemafielcontabil.com.br /public_html/demo index.php
106.02.26 21:08 B F:\fielcontabil\install --> sistemafielcontabil.com.br /public_html/demo install
106.02.26 21:08 B F:\fielcontabil\readme --> sistemafielcontabil.com.br /public_html/demo readme
106.02.26 21:08 B F:\fielcontabil\sobre.php --> sistemafielcontabil.com.br /public_html/demo sobre.php
