103.05.26 22:10 B C:\Arquivos de programas\Apache Group\Apache\htdocs\contabil\supervisao\cwMenuRelCont.php --> ftp.apoenasoftwarelivre.com.br /contabil/supervisao cwMenuRelCont.php
103.05.26 22:10 B C:\Arquivos de programas\Apache Group\Apache\htdocs\contabil\supervisao\cwMenuSupervisao.php --> ftp.apoenasoftwarelivre.com.br /contabil/supervisao cwMenuSupervisao.php
103.06.26 11:57 B C:\Arquivos de programas\Apache Group\Apache\htdocs\contabil\supervisao\cwMenuRelCont.php --> ftp.apoenasoftwarelivre.com.br /contabil/supervisao cwMenuRelCont.php
103.06.26 11:57 B C:\Arquivos de programas\Apache Group\Apache\htdocs\contabil\supervisao\cwMenuSupervisao.php --> ftp.apoenasoftwarelivre.com.br /contabil/supervisao cwMenuSupervisao.php
103.07.15 15:25 B C:\Arquivos de programas\Apache Group\Apache\htdocs\contabil\supervisao\cwCadDoar.php --> ftp.apoenasoftwarelivre.com.br /contabil/supervisao cwCadDoar.php
103.07.15 15:25 B C:\Arquivos de programas\Apache Group\Apache\htdocs\contabil\supervisao\cwCadEmpresa.php --> ftp.apoenasoftwarelivre.com.br /contabil/supervisao cwCadEmpresa.php
103.07.15 15:25 B C:\Arquivos de programas\Apache Group\Apache\htdocs\contabil\supervisao\cwCadHistorico.php --> ftp.apoenasoftwarelivre.com.br /contabil/supervisao cwCadHistorico.php
103.07.15 15:25 B C:\Arquivos de programas\Apache Group\Apache\htdocs\contabil\supervisao\cwCadOrcamento.php --> ftp.apoenasoftwarelivre.com.br /contabil/supervisao cwCadOrcamento.php
103.07.15 15:25 B C:\Arquivos de programas\Apache Group\Apache\htdocs\contabil\supervisao\cwCadPlano.php --> ftp.apoenasoftwarelivre.com.br /contabil/supervisao cwCadPlano.php
103.07.15 15:25 B C:\Arquivos de programas\Apache Group\Apache\htdocs\contabil\supervisao\cwCadTermo.php --> ftp.apoenasoftwarelivre.com.br /contabil/supervisao cwCadTermo.php
103.07.15 15:25 B C:\Arquivos de programas\Apache Group\Apache\htdocs\contabil\supervisao\cwConsAnalitico.php --> ftp.apoenasoftwarelivre.com.br /contabil/supervisao cwConsAnalitico.php
103.07.15 15:25 B C:\Arquivos de programas\Apache Group\Apache\htdocs\contabil\supervisao\cwConsBalanco.php --> ftp.apoenasoftwarelivre.com.br /contabil/supervisao cwConsBalanco.php
103.07.15 15:25 B C:\Arquivos de programas\Apache Group\Apache\htdocs\contabil\supervisao\cwConsDemoResult.php --> ftp.apoenasoftwarelivre.com.br /contabil/supervisao cwConsDemoResult.php
103.07.15 15:25 B C:\Arquivos de programas\Apache Group\Apache\htdocs\contabil\supervisao\cwConsDiario.php --> ftp.apoenasoftwarelivre.com.br /contabil/supervisao cwConsDiario.php
103.07.15 15:25 B C:\Arquivos de programas\Apache Group\Apache\htdocs\contabil\supervisao\cwConsDoar.php --> ftp.apoenasoftwarelivre.com.br /contabil/supervisao cwConsDoar.php
103.07.15 15:25 B C:\Arquivos de programas\Apache Group\Apache\htdocs\contabil\supervisao\cwConsOrcamento.php --> ftp.apoenasoftwarelivre.com.br /contabil/supervisao cwConsOrcamento.php
103.07.15 15:25 B C:\Arquivos de programas\Apache Group\Apache\htdocs\contabil\supervisao\cwConsPlano.php --> ftp.apoenasoftwarelivre.com.br /contabil/supervisao cwConsPlano.php
103.07.15 15:25 B C:\Arquivos de programas\Apache Group\Apache\htdocs\contabil\supervisao\cwConsPlanoDoar.php --> ftp.apoenasoftwarelivre.com.br /contabil/supervisao cwConsPlanoDoar.php
103.07.15 15:25 B C:\Arquivos de programas\Apache Group\Apache\htdocs\contabil\supervisao\cwConsRazao.php --> ftp.apoenasoftwarelivre.com.br /contabil/supervisao cwConsRazao.php
103.07.15 15:26 B C:\Arquivos de programas\Apache Group\Apache\htdocs\contabil\supervisao\cwConsSintetico.php --> ftp.apoenasoftwarelivre.com.br /contabil/supervisao cwConsSintetico.php
103.07.15 15:26 B C:\Arquivos de programas\Apache Group\Apache\htdocs\contabil\supervisao\cwGravaSupervisao.php --> ftp.apoenasoftwarelivre.com.br /contabil/supervisao cwGravaSupervisao.php
103.07.15 15:26 B C:\Arquivos de programas\Apache Group\Apache\htdocs\contabil\supervisao\cwMenuRelCont.php --> ftp.apoenasoftwarelivre.com.br /contabil/supervisao cwMenuRelCont.php
103.07.15 15:26 B C:\Arquivos de programas\Apache Group\Apache\htdocs\contabil\supervisao\cwMenuSupervisao.php --> ftp.apoenasoftwarelivre.com.br /contabil/supervisao cwMenuSupervisao.php
103.07.29 15:04 B C:\Arquivos de programas\Apache Group\Apache\htdocs\contabil\supervisao\cwCadDoar.php --> ftp.apoenasoftwarelivre.com.br /contabil/supervisao cwCadDoar.php
103.07.29 15:04 B C:\Arquivos de programas\Apache Group\Apache\htdocs\contabil\supervisao\cwCadEmpresa.php --> ftp.apoenasoftwarelivre.com.br /contabil/supervisao cwCadEmpresa.php
103.07.29 15:04 B C:\Arquivos de programas\Apache Group\Apache\htdocs\contabil\supervisao\cwCadHistorico.php --> ftp.apoenasoftwarelivre.com.br /contabil/supervisao cwCadHistorico.php
103.07.29 15:04 B C:\Arquivos de programas\Apache Group\Apache\htdocs\contabil\supervisao\cwCadOrcamento.php --> ftp.apoenasoftwarelivre.com.br /contabil/supervisao cwCadOrcamento.php
103.07.29 15:05 B C:\Arquivos de programas\Apache Group\Apache\htdocs\contabil\supervisao\cwCadPlano.php --> ftp.apoenasoftwarelivre.com.br /contabil/supervisao cwCadPlano.php
103.07.29 15:05 B C:\Arquivos de programas\Apache Group\Apache\htdocs\contabil\supervisao\cwCadTermo.php --> ftp.apoenasoftwarelivre.com.br /contabil/supervisao cwCadTermo.php
103.07.29 15:05 B C:\Arquivos de programas\Apache Group\Apache\htdocs\contabil\supervisao\cwConsAnalitico.php --> ftp.apoenasoftwarelivre.com.br /contabil/supervisao cwConsAnalitico.php
103.07.29 15:05 B C:\Arquivos de programas\Apache Group\Apache\htdocs\contabil\supervisao\cwConsBalanco.php --> ftp.apoenasoftwarelivre.com.br /contabil/supervisao cwConsBalanco.php
103.07.29 15:05 B C:\Arquivos de programas\Apache Group\Apache\htdocs\contabil\supervisao\cwConsDemoResult.php --> ftp.apoenasoftwarelivre.com.br /contabil/supervisao cwConsDemoResult.php
103.07.29 15:05 B C:\Arquivos de programas\Apache Group\Apache\htdocs\contabil\supervisao\cwConsDiario.php --> ftp.apoenasoftwarelivre.com.br /contabil/supervisao cwConsDiario.php
103.07.29 15:05 B C:\Arquivos de programas\Apache Group\Apache\htdocs\contabil\supervisao\cwConsDoar.php --> ftp.apoenasoftwarelivre.com.br /contabil/supervisao cwConsDoar.php
103.07.29 15:05 B C:\Arquivos de programas\Apache Group\Apache\htdocs\contabil\supervisao\cwConsLancNaoCont.php --> ftp.apoenasoftwarelivre.com.br /contabil/supervisao cwConsLancNaoCont.php
103.07.29 15:05 B C:\Arquivos de programas\Apache Group\Apache\htdocs\contabil\supervisao\cwConsOrcamento.php --> ftp.apoenasoftwarelivre.com.br /contabil/supervisao cwConsOrcamento.php
103.07.29 15:05 B C:\Arquivos de programas\Apache Group\Apache\htdocs\contabil\supervisao\cwConsPlano.php --> ftp.apoenasoftwarelivre.com.br /contabil/supervisao cwConsPlano.php
103.07.29 15:05 B C:\Arquivos de programas\Apache Group\Apache\htdocs\contabil\supervisao\cwConsPlanoDoar.php --> ftp.apoenasoftwarelivre.com.br /contabil/supervisao cwConsPlanoDoar.php
103.07.29 15:05 B C:\Arquivos de programas\Apache Group\Apache\htdocs\contabil\supervisao\cwConsRazao.php --> ftp.apoenasoftwarelivre.com.br /contabil/supervisao cwConsRazao.php
103.07.29 15:05 B C:\Arquivos de programas\Apache Group\Apache\htdocs\contabil\supervisao\cwConsSintetico.php --> ftp.apoenasoftwarelivre.com.br /contabil/supervisao cwConsSintetico.php
103.07.29 15:06 B C:\Arquivos de programas\Apache Group\Apache\htdocs\contabil\supervisao\cwGravaSupervisao.php --> ftp.apoenasoftwarelivre.com.br /contabil/supervisao cwGravaSupervisao.php
103.07.29 15:06 B C:\Arquivos de programas\Apache Group\Apache\htdocs\contabil\supervisao\cwLiberaLanc.php --> ftp.apoenasoftwarelivre.com.br /contabil/supervisao cwLiberaLanc.php
103.07.29 15:06 B C:\Arquivos de programas\Apache Group\Apache\htdocs\contabil\supervisao\cwMenuRelCont.php --> ftp.apoenasoftwarelivre.com.br /contabil/supervisao cwMenuRelCont.php
103.07.29 15:06 B C:\Arquivos de programas\Apache Group\Apache\htdocs\contabil\supervisao\cwMenuSupervisao.php --> ftp.apoenasoftwarelivre.com.br /contabil/supervisao cwMenuSupervisao.php
