106.02.26 21:12 B F:\fielcontabil\classes\grafico\AbstractFormat.php --> sistemafielcontabil.com.br /public_html/demo/classes/grafico AbstractFormat.php
106.02.26 21:12 B F:\fielcontabil\classes\grafico\Changelog --> sistemafielcontabil.com.br /public_html/demo/classes/grafico Changelog
106.02.26 21:13 B F:\fielcontabil\classes\grafico\flags.dat --> sistemafielcontabil.com.br /public_html/demo/classes/grafico flags.dat
106.02.26 21:14 B F:\fielcontabil\classes\grafico\flags_thumb100x100.dat --> sistemafielcontabil.com.br /public_html/demo/classes/grafico flags_thumb100x100.dat
106.02.26 21:14 B F:\fielcontabil\classes\grafico\flags_thumb35x35.dat --> sistemafielcontabil.com.br /public_html/demo/classes/grafico flags_thumb35x35.dat
106.02.26 21:15 B F:\fielcontabil\classes\grafico\flags_thumb60x60.dat --> sistemafielcontabil.com.br /public_html/demo/classes/grafico flags_thumb60x60.dat
106.02.26 21:15 B F:\fielcontabil\classes\grafico\framework_grafico.inc --> sistemafielcontabil.com.br /public_html/demo/classes/grafico framework_grafico.inc
106.02.26 21:15 B F:\fielcontabil\classes\grafico\Grafico.php --> sistemafielcontabil.com.br /public_html/demo/classes/grafico Grafico.php
106.02.26 21:15 B F:\fielcontabil\classes\grafico\Grafico.php.original --> sistemafielcontabil.com.br /public_html/demo/classes/grafico Grafico.php.original
106.02.26 21:15 B F:\fielcontabil\classes\grafico\grafico.txt --> sistemafielcontabil.com.br /public_html/demo/classes/grafico grafico.txt
106.02.26 21:15 B F:\fielcontabil\classes\grafico\GraficoBarra2Y.php --> sistemafielcontabil.com.br /public_html/demo/classes/grafico GraficoBarra2Y.php
106.02.26 21:15 B F:\fielcontabil\classes\grafico\GraficoConst.php --> sistemafielcontabil.com.br /public_html/demo/classes/grafico GraficoConst.php
106.02.26 21:15 B F:\fielcontabil\classes\grafico\imgdata_balls.inc --> sistemafielcontabil.com.br /public_html/demo/classes/grafico imgdata_balls.inc
106.02.26 21:15 B F:\fielcontabil\classes\grafico\imgdata_bevels.inc --> sistemafielcontabil.com.br /public_html/demo/classes/grafico imgdata_bevels.inc
106.02.26 21:15 B F:\fielcontabil\classes\grafico\imgdata_diamonds.inc --> sistemafielcontabil.com.br /public_html/demo/classes/grafico imgdata_diamonds.inc
106.02.26 21:15 B F:\fielcontabil\classes\grafico\imgdata_pushpins.inc --> sistemafielcontabil.com.br /public_html/demo/classes/grafico imgdata_pushpins.inc
106.02.26 21:15 B F:\fielcontabil\classes\grafico\imgdata_squares.inc --> sistemafielcontabil.com.br /public_html/demo/classes/grafico imgdata_squares.inc
106.02.26 21:15 B F:\fielcontabil\classes\grafico\imgdata_stars.inc --> sistemafielcontabil.com.br /public_html/demo/classes/grafico imgdata_stars.inc
106.02.26 21:15 B F:\fielcontabil\classes\grafico\index.html --> sistemafielcontabil.com.br /public_html/demo/classes/grafico index.html
106.02.26 21:15 B F:\fielcontabil\classes\grafico\jpgraph.php --> sistemafielcontabil.com.br /public_html/demo/classes/grafico jpgraph.php
106.02.26 21:15 B F:\fielcontabil\classes\grafico\jpgraph_bar.php --> sistemafielcontabil.com.br /public_html/demo/classes/grafico jpgraph_bar.php
106.02.26 21:15 B F:\fielcontabil\classes\grafico\jpgraph_canvas.php --> sistemafielcontabil.com.br /public_html/demo/classes/grafico jpgraph_canvas.php
106.02.26 21:15 B F:\fielcontabil\classes\grafico\jpgraph_canvtools.php --> sistemafielcontabil.com.br /public_html/demo/classes/grafico jpgraph_canvtools.php
106.02.26 21:16 B F:\fielcontabil\classes\grafico\jpgraph_error.php --> sistemafielcontabil.com.br /public_html/demo/classes/grafico jpgraph_error.php
106.02.26 21:16 B F:\fielcontabil\classes\grafico\jpgraph_flags.php --> sistemafielcontabil.com.br /public_html/demo/classes/grafico jpgraph_flags.php
106.02.26 21:16 B F:\fielcontabil\classes\grafico\jpgraph_gantt.php --> sistemafielcontabil.com.br /public_html/demo/classes/grafico jpgraph_gantt.php
106.02.26 21:16 B F:\fielcontabil\classes\grafico\jpgraph_gb2312.php --> sistemafielcontabil.com.br /public_html/demo/classes/grafico jpgraph_gb2312.php
106.02.26 21:16 B F:\fielcontabil\classes\grafico\jpgraph_gradient.php --> sistemafielcontabil.com.br /public_html/demo/classes/grafico jpgraph_gradient.php
106.02.26 21:16 B F:\fielcontabil\classes\grafico\jpgraph_imgtrans.php --> sistemafielcontabil.com.br /public_html/demo/classes/grafico jpgraph_imgtrans.php
106.02.26 21:16 B F:\fielcontabil\classes\grafico\jpgraph_line.php --> sistemafielcontabil.com.br /public_html/demo/classes/grafico jpgraph_line.php
106.02.26 21:16 B F:\fielcontabil\classes\grafico\jpgraph_log.php --> sistemafielcontabil.com.br /public_html/demo/classes/grafico jpgraph_log.php
106.02.26 21:16 B F:\fielcontabil\classes\grafico\jpgraph_pie.php --> sistemafielcontabil.com.br /public_html/demo/classes/grafico jpgraph_pie.php
106.02.26 21:16 B F:\fielcontabil\classes\grafico\jpgraph_pie3d.php --> sistemafielcontabil.com.br /public_html/demo/classes/grafico jpgraph_pie3d.php
106.02.26 21:16 B F:\fielcontabil\classes\grafico\jpgraph_plotmark.inc --> sistemafielcontabil.com.br /public_html/demo/classes/grafico jpgraph_plotmark.inc
106.02.26 21:16 B F:\fielcontabil\classes\grafico\jpgraph_polar.php --> sistemafielcontabil.com.br /public_html/demo/classes/grafico jpgraph_polar.php
106.02.26 21:16 B F:\fielcontabil\classes\grafico\jpgraph_radar.php --> sistemafielcontabil.com.br /public_html/demo/classes/grafico jpgraph_radar.php
106.02.26 21:16 B F:\fielcontabil\classes\grafico\jpgraph_regstat.php --> sistemafielcontabil.com.br /public_html/demo/classes/grafico jpgraph_regstat.php
106.02.26 21:16 B F:\fielcontabil\classes\grafico\jpgraph_scatter.php --> sistemafielcontabil.com.br /public_html/demo/classes/grafico jpgraph_scatter.php
106.02.26 21:16 B F:\fielcontabil\classes\grafico\jpgraph_stock.php --> sistemafielcontabil.com.br /public_html/demo/classes/grafico jpgraph_stock.php
106.02.26 21:16 B F:\fielcontabil\classes\grafico\verdana.ttf --> sistemafielcontabil.com.br /public_html/demo/classes/grafico verdana.ttf
106.02.26 21:17 B F:\fielcontabil\classes\grafico\verdanab.ttf --> sistemafielcontabil.com.br /public_html/demo/classes/grafico verdanab.ttf
106.02.26 21:17 B F:\fielcontabil\classes\grafico\verdanai.ttf --> sistemafielcontabil.com.br /public_html/demo/classes/grafico verdanai.ttf
106.02.26 21:17 B F:\fielcontabil\classes\grafico\verdanaz.ttf --> sistemafielcontabil.com.br /public_html/demo/classes/grafico verdanaz.ttf
