103.04.30 14:06 B C:\Arquivos de programas\Apache Group\Apache\htdocs\vox\classes\servicos\Cabecalho.php --> ftp.apoenasoftwarelivre.com.br /vox/classes/servicos Cabecalho.php
103.04.30 14:06 B C:\Arquivos de programas\Apache Group\Apache\htdocs\vox\classes\servicos\Consulta.php --> ftp.apoenasoftwarelivre.com.br /vox/classes/servicos Consulta.php
103.04.30 14:06 B C:\Arquivos de programas\Apache Group\Apache\htdocs\vox\classes\servicos\framework_servicos.inc --> ftp.apoenasoftwarelivre.com.br /vox/classes/servicos framework_servicos.inc
103.04.30 14:06 B C:\Arquivos de programas\Apache Group\Apache\htdocs\vox\classes\servicos\Log.php --> ftp.apoenasoftwarelivre.com.br /vox/classes/servicos Log.php
103.04.30 14:06 B C:\Arquivos de programas\Apache Group\Apache\htdocs\vox\classes\servicos\Msg.php --> ftp.apoenasoftwarelivre.com.br /vox/classes/servicos Msg.php
103.04.30 14:06 B C:\Arquivos de programas\Apache Group\Apache\htdocs\vox\classes\servicos\Parametro.php --> ftp.apoenasoftwarelivre.com.br /vox/classes/servicos Parametro.php
103.04.30 14:06 B C:\Arquivos de programas\Apache Group\Apache\htdocs\vox\classes\servicos\servicos.txt --> ftp.apoenasoftwarelivre.com.br /vox/classes/servicos servicos.txt
103.04.30 14:06 B C:\Arquivos de programas\Apache Group\Apache\htdocs\vox\classes\servicos\Usuario.php --> ftp.apoenasoftwarelivre.com.br /vox/classes/servicos Usuario.php
103.05.14 11:08 B C:\Arquivos de programas\Apache Group\Apache\htdocs\vox\classes\servicos\Cabecalho.php --> ftp.apoenasoftwarelivre.com.br /vox/classes/servicos Cabecalho.php
103.05.14 11:08 B C:\Arquivos de programas\Apache Group\Apache\htdocs\vox\classes\servicos\Consulta.php --> ftp.apoenasoftwarelivre.com.br /vox/classes/servicos Consulta.php
103.05.14 11:08 B C:\Arquivos de programas\Apache Group\Apache\htdocs\vox\classes\servicos\framework_servicos.inc --> ftp.apoenasoftwarelivre.com.br /vox/classes/servicos framework_servicos.inc
103.05.14 11:08 B C:\Arquivos de programas\Apache Group\Apache\htdocs\vox\classes\servicos\Log.php --> ftp.apoenasoftwarelivre.com.br /vox/classes/servicos Log.php
103.05.14 11:08 B C:\Arquivos de programas\Apache Group\Apache\htdocs\vox\classes\servicos\Msg.php --> ftp.apoenasoftwarelivre.com.br /vox/classes/servicos Msg.php
103.05.14 11:08 B C:\Arquivos de programas\Apache Group\Apache\htdocs\vox\classes\servicos\Parametro.php --> ftp.apoenasoftwarelivre.com.br /vox/classes/servicos Parametro.php
103.05.14 11:08 B C:\Arquivos de programas\Apache Group\Apache\htdocs\vox\classes\servicos\servicos.txt --> ftp.apoenasoftwarelivre.com.br /vox/classes/servicos servicos.txt
103.05.14 11:08 B C:\Arquivos de programas\Apache Group\Apache\htdocs\vox\classes\servicos\Usuario.php --> ftp.apoenasoftwarelivre.com.br /vox/classes/servicos Usuario.php
103.05.26 22:07 B C:\Arquivos de programas\Apache Group\Apache\htdocs\contabil\classes\servicos\Cabecalho.php --> ftp.apoenasoftwarelivre.com.br /contabil/classes Cabecalho.php
103.05.26 22:07 B C:\Arquivos de programas\Apache Group\Apache\htdocs\contabil\classes\servicos\Consulta.php --> ftp.apoenasoftwarelivre.com.br /contabil/classes Consulta.php
103.05.26 22:07 B C:\Arquivos de programas\Apache Group\Apache\htdocs\contabil\classes\servicos\framework_servicos.inc --> ftp.apoenasoftwarelivre.com.br /contabil/classes framework_servicos.inc
103.05.26 22:07 B C:\Arquivos de programas\Apache Group\Apache\htdocs\contabil\classes\servicos\Log.php --> ftp.apoenasoftwarelivre.com.br /contabil/classes Log.php
103.05.26 22:07 B C:\Arquivos de programas\Apache Group\Apache\htdocs\contabil\classes\servicos\Msg.php --> ftp.apoenasoftwarelivre.com.br /contabil/classes Msg.php
103.05.26 22:07 B C:\Arquivos de programas\Apache Group\Apache\htdocs\contabil\classes\servicos\Parametro.php --> ftp.apoenasoftwarelivre.com.br /contabil/classes Parametro.php
103.05.26 22:07 B C:\Arquivos de programas\Apache Group\Apache\htdocs\contabil\classes\servicos\servicos.txt --> ftp.apoenasoftwarelivre.com.br /contabil/classes servicos.txt
103.05.26 22:07 B C:\Arquivos de programas\Apache Group\Apache\htdocs\contabil\classes\servicos\Usuario.php --> ftp.apoenasoftwarelivre.com.br /contabil/classes Usuario.php
103.05.26 22:08 B C:\Arquivos de programas\Apache Group\Apache\htdocs\contabil\classes\servicos\Cabecalho.php --> ftp.apoenasoftwarelivre.com.br /contabil/classes/servicos Cabecalho.php
103.05.26 22:08 B C:\Arquivos de programas\Apache Group\Apache\htdocs\contabil\classes\servicos\Consulta.php --> ftp.apoenasoftwarelivre.com.br /contabil/classes/servicos Consulta.php
103.05.26 22:08 B C:\Arquivos de programas\Apache Group\Apache\htdocs\contabil\classes\servicos\framework_servicos.inc --> ftp.apoenasoftwarelivre.com.br /contabil/classes/servicos framework_servicos.inc
103.05.26 22:08 B C:\Arquivos de programas\Apache Group\Apache\htdocs\contabil\classes\servicos\Log.php --> ftp.apoenasoftwarelivre.com.br /contabil/classes/servicos Log.php
103.05.26 22:08 B C:\Arquivos de programas\Apache Group\Apache\htdocs\contabil\classes\servicos\Msg.php --> ftp.apoenasoftwarelivre.com.br /contabil/classes/servicos Msg.php
103.05.26 22:08 B C:\Arquivos de programas\Apache Group\Apache\htdocs\contabil\classes\servicos\Parametro.php --> ftp.apoenasoftwarelivre.com.br /contabil/classes/servicos Parametro.php
103.05.26 22:08 B C:\Arquivos de programas\Apache Group\Apache\htdocs\contabil\classes\servicos\servicos.txt --> ftp.apoenasoftwarelivre.com.br /contabil/classes/servicos servicos.txt
103.05.26 22:08 B C:\Arquivos de programas\Apache Group\Apache\htdocs\contabil\classes\servicos\Usuario.php --> ftp.apoenasoftwarelivre.com.br /contabil/classes/servicos Usuario.php
103.06.26 11:54 B C:\Arquivos de programas\Apache Group\Apache\htdocs\contabil\classes\servicos\Cabecalho.php --> ftp.apoenasoftwarelivre.com.br /contabil/classes/servicos Cabecalho.php
103.06.26 11:54 B C:\Arquivos de programas\Apache Group\Apache\htdocs\contabil\classes\servicos\Consulta.php --> ftp.apoenasoftwarelivre.com.br /contabil/classes/servicos Consulta.php
103.06.26 11:54 B C:\Arquivos de programas\Apache Group\Apache\htdocs\contabil\classes\servicos\framework_servicos.inc --> ftp.apoenasoftwarelivre.com.br /contabil/classes/servicos framework_servicos.inc
103.06.26 11:54 B C:\Arquivos de programas\Apache Group\Apache\htdocs\contabil\classes\servicos\Log.php --> ftp.apoenasoftwarelivre.com.br /contabil/classes/servicos Log.php
103.06.26 11:54 B C:\Arquivos de programas\Apache Group\Apache\htdocs\contabil\classes\servicos\Msg.php --> ftp.apoenasoftwarelivre.com.br /contabil/classes/servicos Msg.php
103.06.26 11:54 B C:\Arquivos de programas\Apache Group\Apache\htdocs\contabil\classes\servicos\Parametro.php --> ftp.apoenasoftwarelivre.com.br /contabil/classes/servicos Parametro.php
103.06.26 11:54 B C:\Arquivos de programas\Apache Group\Apache\htdocs\contabil\classes\servicos\servicos.txt --> ftp.apoenasoftwarelivre.com.br /contabil/classes/servicos servicos.txt
103.06.26 11:54 B C:\Arquivos de programas\Apache Group\Apache\htdocs\contabil\classes\servicos\Usuario.php --> ftp.apoenasoftwarelivre.com.br /contabil/classes/servicos Usuario.php
103.07.15 15:22 B C:\Arquivos de programas\Apache Group\Apache\htdocs\contabil\classes\servicos\Cabecalho.php --> ftp.apoenasoftwarelivre.com.br /contabil/classes/servicos Cabecalho.php
103.07.15 15:22 B C:\Arquivos de programas\Apache Group\Apache\htdocs\contabil\classes\servicos\Consulta.php --> ftp.apoenasoftwarelivre.com.br /contabil/classes/servicos Consulta.php
103.07.15 15:22 B C:\Arquivos de programas\Apache Group\Apache\htdocs\contabil\classes\servicos\Log.php --> ftp.apoenasoftwarelivre.com.br /contabil/classes/servicos Log.php
103.07.15 15:22 B C:\Arquivos de programas\Apache Group\Apache\htdocs\contabil\classes\servicos\Msg.php --> ftp.apoenasoftwarelivre.com.br /contabil/classes/servicos Msg.php
103.07.15 15:23 B C:\Arquivos de programas\Apache Group\Apache\htdocs\contabil\classes\servicos\Parametro.php --> ftp.apoenasoftwarelivre.com.br /contabil/classes/servicos Parametro.php
103.07.15 15:23 B C:\Arquivos de programas\Apache Group\Apache\htdocs\contabil\classes\servicos\servicos.txt --> ftp.apoenasoftwarelivre.com.br /contabil/classes/servicos servicos.txt
103.07.15 15:23 B C:\Arquivos de programas\Apache Group\Apache\htdocs\contabil\classes\servicos\Usuario.php --> ftp.apoenasoftwarelivre.com.br /contabil/classes/servicos Usuario.php
103.07.29 15:01 B C:\Arquivos de programas\Apache Group\Apache\htdocs\contabil\classes\servicos\Cabecalho.php --> ftp.apoenasoftwarelivre.com.br /contabil/classes/servicos Cabecalho.php
103.07.29 15:02 B C:\Arquivos de programas\Apache Group\Apache\htdocs\contabil\classes\servicos\Consulta.php --> ftp.apoenasoftwarelivre.com.br /contabil/classes/servicos Consulta.php
103.07.29 15:02 B C:\Arquivos de programas\Apache Group\Apache\htdocs\contabil\classes\servicos\framework_servicos.inc --> ftp.apoenasoftwarelivre.com.br /contabil/classes/servicos framework_servicos.inc
103.07.29 15:02 B C:\Arquivos de programas\Apache Group\Apache\htdocs\contabil\classes\servicos\Log.php --> ftp.apoenasoftwarelivre.com.br /contabil/classes/servicos Log.php
103.07.29 15:02 B C:\Arquivos de programas\Apache Group\Apache\htdocs\contabil\classes\servicos\Msg.php --> ftp.apoenasoftwarelivre.com.br /contabil/classes/servicos Msg.php
103.07.29 15:02 B C:\Arquivos de programas\Apache Group\Apache\htdocs\contabil\classes\servicos\Parametro.php --> ftp.apoenasoftwarelivre.com.br /contabil/classes/servicos Parametro.php
103.07.29 15:02 B C:\Arquivos de programas\Apache Group\Apache\htdocs\contabil\classes\servicos\servicos.txt --> ftp.apoenasoftwarelivre.com.br /contabil/classes/servicos servicos.txt
103.07.29 15:02 B C:\Arquivos de programas\Apache Group\Apache\htdocs\contabil\classes\servicos\Usuario.php --> ftp.apoenasoftwarelivre.com.br /contabil/classes/servicos Usuario.php
