103.04.30 14:05 B C:\Arquivos de programas\Apache Group\Apache\htdocs\vox\classes\persistencia\AbstractBroker.php --> ftp.apoenasoftwarelivre.com.br /vox/classes/persistencia AbstractBroker.php
103.04.30 14:05 B C:\Arquivos de programas\Apache Group\Apache\htdocs\vox\classes\persistencia\Broker.php --> ftp.apoenasoftwarelivre.com.br /vox/classes/persistencia Broker.php
103.04.30 14:05 B C:\Arquivos de programas\Apache Group\Apache\htdocs\vox\classes\persistencia\BrokerArquivo.php --> ftp.apoenasoftwarelivre.com.br /vox/classes/persistencia BrokerArquivo.php
103.04.30 14:05 B C:\Arquivos de programas\Apache Group\Apache\htdocs\vox\classes\persistencia\BrokerConst.php --> ftp.apoenasoftwarelivre.com.br /vox/classes/persistencia BrokerConst.php
103.04.30 14:05 B C:\Arquivos de programas\Apache Group\Apache\htdocs\vox\classes\persistencia\BrokerErechim.php --> ftp.apoenasoftwarelivre.com.br /vox/classes/persistencia BrokerErechim.php
103.04.30 14:05 B C:\Arquivos de programas\Apache Group\Apache\htdocs\vox\classes\persistencia\BrokerFabrica.php --> ftp.apoenasoftwarelivre.com.br /vox/classes/persistencia BrokerFabrica.php
103.04.30 14:05 B C:\Arquivos de programas\Apache Group\Apache\htdocs\vox\classes\persistencia\BrokerMySQL.php --> ftp.apoenasoftwarelivre.com.br /vox/classes/persistencia BrokerMySQL.php
103.04.30 14:05 B C:\Arquivos de programas\Apache Group\Apache\htdocs\vox\classes\persistencia\BrokerOracle.php --> ftp.apoenasoftwarelivre.com.br /vox/classes/persistencia BrokerOracle.php
103.04.30 14:05 B C:\Arquivos de programas\Apache Group\Apache\htdocs\vox\classes\persistencia\BrokerPgSQL.php --> ftp.apoenasoftwarelivre.com.br /vox/classes/persistencia BrokerPgSQL.php
103.04.30 14:05 B C:\Arquivos de programas\Apache Group\Apache\htdocs\vox\classes\persistencia\BrokerSGBD.php --> ftp.apoenasoftwarelivre.com.br /vox/classes/persistencia BrokerSGBD.php
103.04.30 14:05 B C:\Arquivos de programas\Apache Group\Apache\htdocs\vox\classes\persistencia\BrokerTeste.php --> ftp.apoenasoftwarelivre.com.br /vox/classes/persistencia BrokerTeste.php
103.04.30 14:05 B C:\Arquivos de programas\Apache Group\Apache\htdocs\vox\classes\persistencia\BrokerTXT.php --> ftp.apoenasoftwarelivre.com.br /vox/classes/persistencia BrokerTXT.php
103.04.30 14:05 B C:\Arquivos de programas\Apache Group\Apache\htdocs\vox\classes\persistencia\BrokerXML.php --> ftp.apoenasoftwarelivre.com.br /vox/classes/persistencia BrokerXML.php
103.04.30 14:05 B C:\Arquivos de programas\Apache Group\Apache\htdocs\vox\classes\persistencia\framework_persistencia.inc --> ftp.apoenasoftwarelivre.com.br /vox/classes/persistencia framework_persistencia.inc
103.04.30 14:05 B C:\Arquivos de programas\Apache Group\Apache\htdocs\vox\classes\persistencia\persistencia.txt --> ftp.apoenasoftwarelivre.com.br /vox/classes/persistencia persistencia.txt
103.04.30 14:05 B C:\Arquivos de programas\Apache Group\Apache\htdocs\vox\classes\persistencia\Proxy.php --> ftp.apoenasoftwarelivre.com.br /vox/classes/persistencia Proxy.php
103.04.30 14:05 B C:\Arquivos de programas\Apache Group\Apache\htdocs\vox\classes\persistencia\Teste1Proxy.php --> ftp.apoenasoftwarelivre.com.br /vox/classes/persistencia Teste1Proxy.php
103.04.30 14:05 B C:\Arquivos de programas\Apache Group\Apache\htdocs\vox\classes\persistencia\Teste2Proxy.php --> ftp.apoenasoftwarelivre.com.br /vox/classes/persistencia Teste2Proxy.php
103.04.30 14:05 B C:\Arquivos de programas\Apache Group\Apache\htdocs\vox\classes\persistencia\testeframe.php --> ftp.apoenasoftwarelivre.com.br /vox/classes/persistencia testeframe.php
103.05.14 11:06 B C:\Arquivos de programas\Apache Group\Apache\htdocs\vox\classes\persistencia\AbstractBroker.php --> ftp.apoenasoftwarelivre.com.br /vox/classes/persistencia AbstractBroker.php
103.05.14 11:06 B C:\Arquivos de programas\Apache Group\Apache\htdocs\vox\classes\persistencia\Broker.php --> ftp.apoenasoftwarelivre.com.br /vox/classes/persistencia Broker.php
103.05.14 11:06 B C:\Arquivos de programas\Apache Group\Apache\htdocs\vox\classes\persistencia\BrokerArquivo.php --> ftp.apoenasoftwarelivre.com.br /vox/classes/persistencia BrokerArquivo.php
103.05.14 11:06 B C:\Arquivos de programas\Apache Group\Apache\htdocs\vox\classes\persistencia\BrokerConst.php --> ftp.apoenasoftwarelivre.com.br /vox/classes/persistencia BrokerConst.php
103.05.14 11:06 B C:\Arquivos de programas\Apache Group\Apache\htdocs\vox\classes\persistencia\BrokerErechim.php --> ftp.apoenasoftwarelivre.com.br /vox/classes/persistencia BrokerErechim.php
103.05.14 11:06 B C:\Arquivos de programas\Apache Group\Apache\htdocs\vox\classes\persistencia\BrokerFabrica.php --> ftp.apoenasoftwarelivre.com.br /vox/classes/persistencia BrokerFabrica.php
103.05.14 11:06 B C:\Arquivos de programas\Apache Group\Apache\htdocs\vox\classes\persistencia\BrokerMySQL.php --> ftp.apoenasoftwarelivre.com.br /vox/classes/persistencia BrokerMySQL.php
103.05.14 11:06 B C:\Arquivos de programas\Apache Group\Apache\htdocs\vox\classes\persistencia\BrokerOracle.php --> ftp.apoenasoftwarelivre.com.br /vox/classes/persistencia BrokerOracle.php
103.05.14 11:06 B C:\Arquivos de programas\Apache Group\Apache\htdocs\vox\classes\persistencia\BrokerPgSQL.php --> ftp.apoenasoftwarelivre.com.br /vox/classes/persistencia BrokerPgSQL.php
103.05.14 11:06 B C:\Arquivos de programas\Apache Group\Apache\htdocs\vox\classes\persistencia\BrokerSGBD.php --> ftp.apoenasoftwarelivre.com.br /vox/classes/persistencia BrokerSGBD.php
103.05.14 11:06 B C:\Arquivos de programas\Apache Group\Apache\htdocs\vox\classes\persistencia\BrokerTeste.php --> ftp.apoenasoftwarelivre.com.br /vox/classes/persistencia BrokerTeste.php
103.05.14 11:06 B C:\Arquivos de programas\Apache Group\Apache\htdocs\vox\classes\persistencia\BrokerTXT.php --> ftp.apoenasoftwarelivre.com.br /vox/classes/persistencia BrokerTXT.php
103.05.14 11:06 B C:\Arquivos de programas\Apache Group\Apache\htdocs\vox\classes\persistencia\BrokerXML.php --> ftp.apoenasoftwarelivre.com.br /vox/classes/persistencia BrokerXML.php
103.05.14 11:06 B C:\Arquivos de programas\Apache Group\Apache\htdocs\vox\classes\persistencia\framework_persistencia.inc --> ftp.apoenasoftwarelivre.com.br /vox/classes/persistencia framework_persistencia.inc
103.05.14 11:06 B C:\Arquivos de programas\Apache Group\Apache\htdocs\vox\classes\persistencia\persistencia.txt --> ftp.apoenasoftwarelivre.com.br /vox/classes/persistencia persistencia.txt
103.05.14 11:06 B C:\Arquivos de programas\Apache Group\Apache\htdocs\vox\classes\persistencia\Proxy.php --> ftp.apoenasoftwarelivre.com.br /vox/classes/persistencia Proxy.php
103.05.14 11:06 B C:\Arquivos de programas\Apache Group\Apache\htdocs\vox\classes\persistencia\Teste1Proxy.php --> ftp.apoenasoftwarelivre.com.br /vox/classes/persistencia Teste1Proxy.php
103.05.14 11:06 B C:\Arquivos de programas\Apache Group\Apache\htdocs\vox\classes\persistencia\Teste2Proxy.php --> ftp.apoenasoftwarelivre.com.br /vox/classes/persistencia Teste2Proxy.php
103.05.14 11:06 B C:\Arquivos de programas\Apache Group\Apache\htdocs\vox\classes\persistencia\testeframe.php --> ftp.apoenasoftwarelivre.com.br /vox/classes/persistencia testeframe.php
103.05.26 22:06 B C:\Arquivos de programas\Apache Group\Apache\htdocs\contabil\classes\persistencia\AbstractBroker.php --> ftp.apoenasoftwarelivre.com.br /contabil/classes/persistencia AbstractBroker.php
103.05.26 22:06 B C:\Arquivos de programas\Apache Group\Apache\htdocs\contabil\classes\persistencia\Broker.php --> ftp.apoenasoftwarelivre.com.br /contabil/classes/persistencia Broker.php
103.05.26 22:06 B C:\Arquivos de programas\Apache Group\Apache\htdocs\contabil\classes\persistencia\BrokerArquivo.php --> ftp.apoenasoftwarelivre.com.br /contabil/classes/persistencia BrokerArquivo.php
103.05.26 22:06 B C:\Arquivos de programas\Apache Group\Apache\htdocs\contabil\classes\persistencia\BrokerConst.php --> ftp.apoenasoftwarelivre.com.br /contabil/classes/persistencia BrokerConst.php
103.05.26 22:06 B C:\Arquivos de programas\Apache Group\Apache\htdocs\contabil\classes\persistencia\BrokerErechim.php --> ftp.apoenasoftwarelivre.com.br /contabil/classes/persistencia BrokerErechim.php
103.05.26 22:06 B C:\Arquivos de programas\Apache Group\Apache\htdocs\contabil\classes\persistencia\BrokerFabrica.php --> ftp.apoenasoftwarelivre.com.br /contabil/classes/persistencia BrokerFabrica.php
103.05.26 22:06 B C:\Arquivos de programas\Apache Group\Apache\htdocs\contabil\classes\persistencia\BrokerMySQL.php --> ftp.apoenasoftwarelivre.com.br /contabil/classes/persistencia BrokerMySQL.php
103.05.26 22:06 B C:\Arquivos de programas\Apache Group\Apache\htdocs\contabil\classes\persistencia\BrokerOracle.php --> ftp.apoenasoftwarelivre.com.br /contabil/classes/persistencia BrokerOracle.php
103.05.26 22:06 B C:\Arquivos de programas\Apache Group\Apache\htdocs\contabil\classes\persistencia\BrokerPgSQL.php --> ftp.apoenasoftwarelivre.com.br /contabil/classes/persistencia BrokerPgSQL.php
103.05.26 22:06 B C:\Arquivos de programas\Apache Group\Apache\htdocs\contabil\classes\persistencia\BrokerSGBD.php --> ftp.apoenasoftwarelivre.com.br /contabil/classes/persistencia BrokerSGBD.php
103.05.26 22:06 B C:\Arquivos de programas\Apache Group\Apache\htdocs\contabil\classes\persistencia\BrokerTeste.php --> ftp.apoenasoftwarelivre.com.br /contabil/classes/persistencia BrokerTeste.php
103.05.26 22:06 B C:\Arquivos de programas\Apache Group\Apache\htdocs\contabil\classes\persistencia\BrokerTXT.php --> ftp.apoenasoftwarelivre.com.br /contabil/classes/persistencia BrokerTXT.php
103.05.26 22:06 B C:\Arquivos de programas\Apache Group\Apache\htdocs\contabil\classes\persistencia\BrokerXML.php --> ftp.apoenasoftwarelivre.com.br /contabil/classes/persistencia BrokerXML.php
103.05.26 22:06 B C:\Arquivos de programas\Apache Group\Apache\htdocs\contabil\classes\persistencia\framework_persistencia.inc --> ftp.apoenasoftwarelivre.com.br /contabil/classes/persistencia framework_persistencia.inc
103.05.26 22:06 B C:\Arquivos de programas\Apache Group\Apache\htdocs\contabil\classes\persistencia\persistencia.txt --> ftp.apoenasoftwarelivre.com.br /contabil/classes/persistencia persistencia.txt
103.05.26 22:06 B C:\Arquivos de programas\Apache Group\Apache\htdocs\contabil\classes\persistencia\Proxy.php --> ftp.apoenasoftwarelivre.com.br /contabil/classes/persistencia Proxy.php
103.05.26 22:06 B C:\Arquivos de programas\Apache Group\Apache\htdocs\contabil\classes\persistencia\Teste1Proxy.php --> ftp.apoenasoftwarelivre.com.br /contabil/classes/persistencia Teste1Proxy.php
103.05.26 22:06 B C:\Arquivos de programas\Apache Group\Apache\htdocs\contabil\classes\persistencia\Teste2Proxy.php --> ftp.apoenasoftwarelivre.com.br /contabil/classes/persistencia Teste2Proxy.php
103.05.26 22:06 B C:\Arquivos de programas\Apache Group\Apache\htdocs\contabil\classes\persistencia\testeframe.php --> ftp.apoenasoftwarelivre.com.br /contabil/classes/persistencia testeframe.php
103.07.15 15:20 B C:\Arquivos de programas\Apache Group\Apache\htdocs\contabil\classes\persistencia\AbstractBroker.php --> ftp.apoenasoftwarelivre.com.br /contabil/classes/persistencia AbstractBroker.php
103.07.15 15:20 B C:\Arquivos de programas\Apache Group\Apache\htdocs\contabil\classes\persistencia\Broker.php --> ftp.apoenasoftwarelivre.com.br /contabil/classes/persistencia Broker.php
103.07.15 15:20 B C:\Arquivos de programas\Apache Group\Apache\htdocs\contabil\classes\persistencia\BrokerArquivo.php --> ftp.apoenasoftwarelivre.com.br /contabil/classes/persistencia BrokerArquivo.php
103.07.15 15:20 B C:\Arquivos de programas\Apache Group\Apache\htdocs\contabil\classes\persistencia\BrokerConst.php --> ftp.apoenasoftwarelivre.com.br /contabil/classes/persistencia BrokerConst.php
103.07.15 15:21 B C:\Arquivos de programas\Apache Group\Apache\htdocs\contabil\classes\persistencia\BrokerErechim.php --> ftp.apoenasoftwarelivre.com.br /contabil/classes/persistencia BrokerErechim.php
103.07.15 15:21 B C:\Arquivos de programas\Apache Group\Apache\htdocs\contabil\classes\persistencia\BrokerFabrica.php --> ftp.apoenasoftwarelivre.com.br /contabil/classes/persistencia BrokerFabrica.php
103.07.15 15:21 B C:\Arquivos de programas\Apache Group\Apache\htdocs\contabil\classes\persistencia\BrokerMySQL.php --> ftp.apoenasoftwarelivre.com.br /contabil/classes/persistencia BrokerMySQL.php
103.07.15 15:21 B C:\Arquivos de programas\Apache Group\Apache\htdocs\contabil\classes\persistencia\BrokerOracle.php --> ftp.apoenasoftwarelivre.com.br /contabil/classes/persistencia BrokerOracle.php
103.07.15 15:21 B C:\Arquivos de programas\Apache Group\Apache\htdocs\contabil\classes\persistencia\BrokerPgSQL.php --> ftp.apoenasoftwarelivre.com.br /contabil/classes/persistencia BrokerPgSQL.php
103.07.15 15:21 B C:\Arquivos de programas\Apache Group\Apache\htdocs\contabil\classes\persistencia\BrokerSGBD.php --> ftp.apoenasoftwarelivre.com.br /contabil/classes/persistencia BrokerSGBD.php
103.07.15 15:21 B C:\Arquivos de programas\Apache Group\Apache\htdocs\contabil\classes\persistencia\BrokerTeste.php --> ftp.apoenasoftwarelivre.com.br /contabil/classes/persistencia BrokerTeste.php
103.07.15 15:21 B C:\Arquivos de programas\Apache Group\Apache\htdocs\contabil\classes\persistencia\BrokerTXT.php --> ftp.apoenasoftwarelivre.com.br /contabil/classes/persistencia BrokerTXT.php
103.07.15 15:21 B C:\Arquivos de programas\Apache Group\Apache\htdocs\contabil\classes\persistencia\BrokerXML.php --> ftp.apoenasoftwarelivre.com.br /contabil/classes/persistencia BrokerXML.php
103.07.15 15:21 B C:\Arquivos de programas\Apache Group\Apache\htdocs\contabil\classes\persistencia\persistencia.txt --> ftp.apoenasoftwarelivre.com.br /contabil/classes/persistencia persistencia.txt
103.07.15 15:21 B C:\Arquivos de programas\Apache Group\Apache\htdocs\contabil\classes\persistencia\Proxy.php --> ftp.apoenasoftwarelivre.com.br /contabil/classes/persistencia Proxy.php
103.07.15 15:21 B C:\Arquivos de programas\Apache Group\Apache\htdocs\contabil\classes\persistencia\Teste1Proxy.php --> ftp.apoenasoftwarelivre.com.br /contabil/classes/persistencia Teste1Proxy.php
103.07.15 15:21 B C:\Arquivos de programas\Apache Group\Apache\htdocs\contabil\classes\persistencia\Teste2Proxy.php --> ftp.apoenasoftwarelivre.com.br /contabil/classes/persistencia Teste2Proxy.php
103.07.15 15:21 B C:\Arquivos de programas\Apache Group\Apache\htdocs\contabil\classes\persistencia\testeframe.php --> ftp.apoenasoftwarelivre.com.br /contabil/classes/persistencia testeframe.php
103.07.29 14:58 B C:\Arquivos de programas\Apache Group\Apache\htdocs\contabil\classes\persistencia\AbstractBroker.php --> ftp.apoenasoftwarelivre.com.br /contabil/classes/persistencia AbstractBroker.php
103.07.29 14:58 B C:\Arquivos de programas\Apache Group\Apache\htdocs\contabil\classes\persistencia\Broker.php --> ftp.apoenasoftwarelivre.com.br /contabil/classes/persistencia Broker.php
103.07.29 14:58 B C:\Arquivos de programas\Apache Group\Apache\htdocs\contabil\classes\persistencia\BrokerArquivo.php --> ftp.apoenasoftwarelivre.com.br /contabil/classes/persistencia BrokerArquivo.php
103.07.29 14:58 B C:\Arquivos de programas\Apache Group\Apache\htdocs\contabil\classes\persistencia\BrokerConst.php --> ftp.apoenasoftwarelivre.com.br /contabil/classes/persistencia BrokerConst.php
103.07.29 14:58 B C:\Arquivos de programas\Apache Group\Apache\htdocs\contabil\classes\persistencia\BrokerErechim.php --> ftp.apoenasoftwarelivre.com.br /contabil/classes/persistencia BrokerErechim.php
103.07.29 14:58 B C:\Arquivos de programas\Apache Group\Apache\htdocs\contabil\classes\persistencia\BrokerFabrica.php --> ftp.apoenasoftwarelivre.com.br /contabil/classes/persistencia BrokerFabrica.php
103.07.29 14:58 B C:\Arquivos de programas\Apache Group\Apache\htdocs\contabil\classes\persistencia\BrokerMySQL.php --> ftp.apoenasoftwarelivre.com.br /contabil/classes/persistencia BrokerMySQL.php
103.07.29 14:59 B C:\Arquivos de programas\Apache Group\Apache\htdocs\contabil\classes\persistencia\BrokerOracle.php --> ftp.apoenasoftwarelivre.com.br /contabil/classes/persistencia BrokerOracle.php
103.07.29 14:59 B C:\Arquivos de programas\Apache Group\Apache\htdocs\contabil\classes\persistencia\BrokerPgSQL.php --> ftp.apoenasoftwarelivre.com.br /contabil/classes/persistencia BrokerPgSQL.php
103.07.29 14:59 B C:\Arquivos de programas\Apache Group\Apache\htdocs\contabil\classes\persistencia\BrokerSGBD.php --> ftp.apoenasoftwarelivre.com.br /contabil/classes/persistencia BrokerSGBD.php
103.07.29 14:59 B C:\Arquivos de programas\Apache Group\Apache\htdocs\contabil\classes\persistencia\BrokerTeste.php --> ftp.apoenasoftwarelivre.com.br /contabil/classes/persistencia BrokerTeste.php
103.07.29 14:59 B C:\Arquivos de programas\Apache Group\Apache\htdocs\contabil\classes\persistencia\BrokerTXT.php --> ftp.apoenasoftwarelivre.com.br /contabil/classes/persistencia BrokerTXT.php
103.07.29 14:59 B C:\Arquivos de programas\Apache Group\Apache\htdocs\contabil\classes\persistencia\BrokerXML.php --> ftp.apoenasoftwarelivre.com.br /contabil/classes/persistencia BrokerXML.php
103.07.29 14:59 B C:\Arquivos de programas\Apache Group\Apache\htdocs\contabil\classes\persistencia\persistencia.txt --> ftp.apoenasoftwarelivre.com.br /contabil/classes/persistencia persistencia.txt
103.07.29 14:59 B C:\Arquivos de programas\Apache Group\Apache\htdocs\contabil\classes\persistencia\Proxy.php --> ftp.apoenasoftwarelivre.com.br /contabil/classes/persistencia Proxy.php
103.07.29 14:59 B C:\Arquivos de programas\Apache Group\Apache\htdocs\contabil\classes\persistencia\Teste1Proxy.php --> ftp.apoenasoftwarelivre.com.br /contabil/classes/persistencia Teste1Proxy.php
103.07.29 14:59 B C:\Arquivos de programas\Apache Group\Apache\htdocs\contabil\classes\persistencia\Teste2Proxy.php --> ftp.apoenasoftwarelivre.com.br /contabil/classes/persistencia Teste2Proxy.php
103.07.29 14:59 B C:\Arquivos de programas\Apache Group\Apache\htdocs\contabil\classes\persistencia\testeframe.php --> ftp.apoenasoftwarelivre.com.br /contabil/classes/persistencia testeframe.php
